<?xml version="1.0" encoding="UTF-8"?>
<testng-results skipped="0" failed="1" ignored="0" total="1" passed="0">
  <reporter-output>
  </reporter-output>
  <suite name="Default suite" duration-ms="118711" started-at="2018-04-25T14:58:03Z" finished-at="2018-04-25T15:00:01Z">
    <groups>
    </groups>
    <test name="Default test" duration-ms="118711" started-at="2018-04-25T14:58:03Z" finished-at="2018-04-25T15:00:01Z">
      <class name="com.weeschool.Users.SignUpUserTC_01">
        <test-method status="PASS" signature="beforeSuit()[pri:0, instance:com.weeschool.Users.SignUpUserTC_01@685cb137]" name="beforeSuit" is-config="true" duration-ms="241" started-at="2018-04-25T20:28:02Z" finished-at="2018-04-25T20:28:03Z">
          <reporter-output>
          </reporter-output>
        </test-method> <!-- beforeSuit -->
        <test-method status="PASS" signature="preSteps()[pri:0, instance:com.weeschool.Users.SignUpUserTC_01@685cb137]" name="preSteps" is-config="true" duration-ms="23303" started-at="2018-04-25T20:28:03Z" finished-at="2018-04-25T20:28:26Z">
          <reporter-output>
          </reporter-output>
        </test-method> <!-- preSteps -->
        <test-method status="FAIL" signature="testSignUp()[pri:0, instance:com.weeschool.Users.SignUpUserTC_01@685cb137]" name="testSignUp" duration-ms="95274" started-at="2018-04-25T20:28:26Z" finished-at="2018-04-25T20:30:01Z">
          <exception class="org.openqa.selenium.WebDriverException">
            <message>
              <![CDATA[org.openqa.selenium.WebDriverException: An unknown server-side error occurred while processing the command. Original error: Android bootstrap socket crashed: Error: This socket has been ended by the other party (WARNING: The server did not provide any stacktrace information)
Command duration or timeout: 0 milliseconds
Build info: version: '3.6.0', revision: '6fbf3ec767', time: '2017-09-27T15:28:36.4Z'
System info: host: 'QT-LT1083', ip: '192.168.1.201', os.name: 'Windows 7', os.arch: 'amd64', os.version: '6.1', java.version: '1.8.0_161'
Driver info: io.appium.java_client.android.AndroidDriver
Capabilities [{app=C:\Users\Administrator\eclipse-workspace\WeeSchool\APK file\app-debug.apk, appPackage=com.weeschool.weeschool, deviceScreenSize=1440x2560, networkConnectionEnabled=true, warnings={}, databaseEnabled=false, deviceName=192.168.1.101:5555, platform=LINUX, deviceUDID=192.168.1.101:5555, appActivity=com.weeschool.weeschool.SplashActivity, desired={app=C:\Users\Administrator\eclipse-workspace\WeeSchool\APK file\app-debug.apk, appActivity=com.weeschool.weeschool.SplashActivity, appPackage=com.weeschool.weeschool, unicodeKeyboard=true, platformName=android, deviceName=ZY223DCFNQ, resetKeyboard=true}, platformVersion=6.0, webStorageEnabled=false, locationContextEnabled=false, takesScreenshot=true, javascriptEnabled=true, deviceModel=Samsung Galaxy S7 - 6.0.0 - API 23 - 1440x2560, unicodeKeyboard=true, deviceManufacturer=Genymotion, platformName=LINUX, resetKeyboard=true}]
Session ID: d8575d98-cd1e-4307-8efc-cb168f1a5541
*** Element info: {Using=id, value=com.weeschool.weeschool:id/maybelater}]]>
            </message>
            <full-stacktrace>
              <![CDATA[org.openqa.selenium.WebDriverException: org.openqa.selenium.WebDriverException: An unknown server-side error occurred while processing the command. Original error: Android bootstrap socket crashed: Error: This socket has been ended by the other party (WARNING: The server did not provide any stacktrace information)
Command duration or timeout: 0 milliseconds
Build info: version: '3.6.0', revision: '6fbf3ec767', time: '2017-09-27T15:28:36.4Z'
System info: host: 'QT-LT1083', ip: '192.168.1.201', os.name: 'Windows 7', os.arch: 'amd64', os.version: '6.1', java.version: '1.8.0_161'
Driver info: io.appium.java_client.android.AndroidDriver
Capabilities [{app=C:\Users\Administrator\eclipse-workspace\WeeSchool\APK file\app-debug.apk, appPackage=com.weeschool.weeschool, deviceScreenSize=1440x2560, networkConnectionEnabled=true, warnings={}, databaseEnabled=false, deviceName=192.168.1.101:5555, platform=LINUX, deviceUDID=192.168.1.101:5555, appActivity=com.weeschool.weeschool.SplashActivity, desired={app=C:\Users\Administrator\eclipse-workspace\WeeSchool\APK file\app-debug.apk, appActivity=com.weeschool.weeschool.SplashActivity, appPackage=com.weeschool.weeschool, unicodeKeyboard=true, platformName=android, deviceName=ZY223DCFNQ, resetKeyboard=true}, platformVersion=6.0, webStorageEnabled=false, locationContextEnabled=false, takesScreenshot=true, javascriptEnabled=true, deviceModel=Samsung Galaxy S7 - 6.0.0 - API 23 - 1440x2560, unicodeKeyboard=true, deviceManufacturer=Genymotion, platformName=LINUX, resetKeyboard=true}]
Session ID: d8575d98-cd1e-4307-8efc-cb168f1a5541
*** Element info: {Using=id, value=com.weeschool.weeschool:id/maybelater}
	at io.appium.java_client.pagefactory.AppiumElementLocator$WaitingFunction.apply(AppiumElementLocator.java:170)
	at io.appium.java_client.pagefactory.AppiumElementLocator$WaitingFunction.apply(AppiumElementLocator.java:1)
	at org.openqa.selenium.support.ui.FluentWait.until(FluentWait.java:208)
	at io.appium.java_client.pagefactory.AppiumElementLocator.waitFor(AppiumElementLocator.java:76)
	at io.appium.java_client.pagefactory.AppiumElementLocator.findElement(AppiumElementLocator.java:95)
	at io.appium.java_client.pagefactory.interceptors.InterceptorOfASingleElement.intercept(InterceptorOfASingleElement.java:61)
	at io.appium.java_client.android.AndroidElement$$EnhancerByCGLIB$$b598166c.click(<generated>)
	at com.weeschool.Pages.SignUpPage.signUp(SignUpPage.java:74)
	at com.weeschool.Users.SignUpUserTC_01.testSignUp(SignUpUserTC_01.java:36)
	at sun.reflect.NativeMethodAccessorImpl.invoke0(Native Method)
	at sun.reflect.NativeMethodAccessorImpl.invoke(NativeMethodAccessorImpl.java:62)
	at sun.reflect.DelegatingMethodAccessorImpl.invoke(DelegatingMethodAccessorImpl.java:43)
	at java.lang.reflect.Method.invoke(Method.java:498)
	at org.testng.internal.MethodInvocationHelper.invokeMethod(MethodInvocationHelper.java:104)
	at org.testng.internal.Invoker.invokeMethod(Invoker.java:645)
	at org.testng.internal.Invoker.invokeTestMethod(Invoker.java:851)
	at org.testng.internal.Invoker.invokeTestMethods(Invoker.java:1177)
	at org.testng.internal.TestMethodWorker.invokeTestMethods(TestMethodWorker.java:129)
	at org.testng.internal.TestMethodWorker.run(TestMethodWorker.java:112)
	at org.testng.TestRunner.privateRun(TestRunner.java:756)
	at org.testng.TestRunner.run(TestRunner.java:610)
	at org.testng.SuiteRunner.runTest(SuiteRunner.java:387)
	at org.testng.SuiteRunner.runSequentially(SuiteRunner.java:382)
	at org.testng.SuiteRunner.privateRun(SuiteRunner.java:340)
	at org.testng.SuiteRunner.run(SuiteRunner.java:289)
	at org.testng.SuiteRunnerWorker.runSuite(SuiteRunnerWorker.java:52)
	at org.testng.SuiteRunnerWorker.run(SuiteRunnerWorker.java:86)
	at org.testng.TestNG.runSuitesSequentially(TestNG.java:1293)
	at org.testng.TestNG.runSuitesLocally(TestNG.java:1218)
	at org.testng.TestNG.runSuites(TestNG.java:1133)
	at org.testng.TestNG.run(TestNG.java:1104)
	at org.testng.remote.AbstractRemoteTestNG.run(AbstractRemoteTestNG.java:114)
	at org.testng.remote.RemoteTestNG.initAndRun(RemoteTestNG.java:251)
	at org.testng.remote.RemoteTestNG.main(RemoteTestNG.java:77)
Caused by: org.openqa.selenium.WebDriverException: An unknown server-side error occurred while processing the command. Original error: Android bootstrap socket crashed: Error: This socket has been ended by the other party (WARNING: The server did not provide any stacktrace information)
Command duration or timeout: 0 milliseconds
Build info: version: '3.6.0', revision: '6fbf3ec767', time: '2017-09-27T15:28:36.4Z'
System info: host: 'QT-LT1083', ip: '192.168.1.201', os.name: 'Windows 7', os.arch: 'amd64', os.version: '6.1', java.version: '1.8.0_161'
Driver info: io.appium.java_client.android.AndroidDriver
Capabilities [{app=C:\Users\Administrator\eclipse-workspace\WeeSchool\APK file\app-debug.apk, appPackage=com.weeschool.weeschool, deviceScreenSize=1440x2560, networkConnectionEnabled=true, warnings={}, databaseEnabled=false, deviceName=192.168.1.101:5555, platform=LINUX, deviceUDID=192.168.1.101:5555, appActivity=com.weeschool.weeschool.SplashActivity, desired={app=C:\Users\Administrator\eclipse-workspace\WeeSchool\APK file\app-debug.apk, appActivity=com.weeschool.weeschool.SplashActivity, appPackage=com.weeschool.weeschool, unicodeKeyboard=true, platformName=android, deviceName=ZY223DCFNQ, resetKeyboard=true}, platformVersion=6.0, webStorageEnabled=false, locationContextEnabled=false, takesScreenshot=true, javascriptEnabled=true, deviceModel=Samsung Galaxy S7 - 6.0.0 - API 23 - 1440x2560, unicodeKeyboard=true, deviceManufacturer=Genymotion, platformName=LINUX, resetKeyboard=true}]
Session ID: d8575d98-cd1e-4307-8efc-cb168f1a5541
*** Element info: {Using=id, value=com.weeschool.weeschool:id/maybelater}
	at sun.reflect.NativeConstructorAccessorImpl.newInstance0(Native Method)
	at sun.reflect.NativeConstructorAccessorImpl.newInstance(NativeConstructorAccessorImpl.java:62)
	at sun.reflect.DelegatingConstructorAccessorImpl.newInstance(DelegatingConstructorAccessorImpl.java:45)
	at java.lang.reflect.Constructor.newInstance(Constructor.java:423)
	at org.openqa.selenium.remote.ErrorHandler.createThrowable(ErrorHandler.java:214)
	at org.openqa.selenium.remote.ErrorHandler.throwIfResponseFailed(ErrorHandler.java:166)
	at org.openqa.selenium.remote.http.JsonHttpResponseCodec.reconstructValue(JsonHttpResponseCodec.java:40)
	at org.openqa.selenium.remote.http.AbstractHttpResponseCodec.decode(AbstractHttpResponseCodec.java:80)
	at org.openqa.selenium.remote.http.AbstractHttpResponseCodec.decode(AbstractHttpResponseCodec.java:44)
	at org.openqa.selenium.remote.HttpCommandExecutor.execute(HttpCommandExecutor.java:164)
	at io.appium.java_client.remote.AppiumCommandExecutor.execute(AppiumCommandExecutor.java:89)
	at org.openqa.selenium.remote.RemoteWebDriver.execute(RemoteWebDriver.java:601)
	at io.appium.java_client.DefaultGenericMobileDriver.execute(DefaultGenericMobileDriver.java:42)
	at io.appium.java_client.AppiumDriver.execute(AppiumDriver.java:1)
	at io.appium.java_client.android.AndroidDriver.execute(AndroidDriver.java:1)
	at org.openqa.selenium.remote.RemoteWebDriver.findElement(RemoteWebDriver.java:371)
	at io.appium.java_client.DefaultGenericMobileDriver.findElement(DefaultGenericMobileDriver.java:62)
	at io.appium.java_client.AppiumDriver.findElement(AppiumDriver.java:1)
	at io.appium.java_client.android.AndroidDriver.findElement(AndroidDriver.java:1)
	at org.openqa.selenium.remote.RemoteWebDriver.findElementById(RemoteWebDriver.java:417)
	at io.appium.java_client.DefaultGenericMobileDriver.findElementById(DefaultGenericMobileDriver.java:70)
	at io.appium.java_client.AppiumDriver.findElementById(AppiumDriver.java:1)
	at io.appium.java_client.android.AndroidDriver.findElementById(AndroidDriver.java:1)
	at org.openqa.selenium.By$ById.findElement(By.java:218)
	at org.openqa.selenium.remote.RemoteWebDriver.findElement(RemoteWebDriver.java:363)
	at io.appium.java_client.DefaultGenericMobileDriver.findElement(DefaultGenericMobileDriver.java:58)
	at io.appium.java_client.AppiumDriver.findElement(AppiumDriver.java:1)
	at io.appium.java_client.android.AndroidDriver.findElement(AndroidDriver.java:1)
	at io.appium.java_client.pagefactory.bys.builder.ByChained.lambda$0(ByChained.java:38)
	at org.openqa.selenium.support.ui.FluentWait.until(FluentWait.java:208)
	at io.appium.java_client.pagefactory.bys.builder.ByChained.findElement(ByChained.java:70)
	at org.openqa.selenium.remote.RemoteWebDriver.findElement(RemoteWebDriver.java:363)
	at io.appium.java_client.DefaultGenericMobileDriver.findElement(DefaultGenericMobileDriver.java:58)
	at io.appium.java_client.AppiumDriver.findElement(AppiumDriver.java:1)
	at io.appium.java_client.android.AndroidDriver.findElement(AndroidDriver.java:1)
	at io.appium.java_client.pagefactory.bys.ContentMappedBy.findElement(ContentMappedBy.java:36)
	at org.openqa.selenium.remote.RemoteWebDriver.findElement(RemoteWebDriver.java:363)
	at io.appium.java_client.DefaultGenericMobileDriver.findElement(DefaultGenericMobileDriver.java:58)
	at io.appium.java_client.AppiumDriver.findElement(AppiumDriver.java:1)
	at io.appium.java_client.android.AndroidDriver.findElement(AndroidDriver.java:1)
	at io.appium.java_client.pagefactory.AppiumElementLocator.lambda$0(AppiumElementLocator.java:96)
	at io.appium.java_client.pagefactory.AppiumElementLocator$WaitingFunction.apply(AppiumElementLocator.java:150)
	... 33 more
]]>
            </full-stacktrace>
          </exception> <!-- org.openqa.selenium.WebDriverException -->
          <reporter-output>
          </reporter-output>
        </test-method> <!-- testSignUp -->
        <test-method status="PASS" signature="postSteps()[pri:0, instance:com.weeschool.Users.SignUpUserTC_01@685cb137]" name="postSteps" is-config="true" duration-ms="0" started-at="2018-04-25T20:30:01Z" finished-at="2018-04-25T20:30:01Z">
          <reporter-output>
          </reporter-output>
        </test-method> <!-- postSteps -->
        <test-method status="PASS" signature="afterSuite()[pri:0, instance:com.weeschool.Users.SignUpUserTC_01@685cb137]" name="afterSuite" is-config="true" duration-ms="2695" started-at="2018-04-25T20:30:03Z" finished-at="2018-04-25T20:30:06Z">
          <reporter-output>
          </reporter-output>
        </test-method> <!-- afterSuite -->
      </class> <!-- com.weeschool.Users.SignUpUserTC_01 -->
    </test> <!-- Default test -->
  </suite> <!-- Default suite -->
</testng-results>
